<?xml version="1.0" encoding="UTF-8"?>
<robot generator="Robot 3.1.2 (Python 3.8.1 on win32)" generated="20200325 09:34:25.346" rpa="false">
<suite id="s1" name="Tests" source="C:\Users\musta\PycharmProjects\Labb3\tests">
<suite id="s1-s1" name="Infotiv" source="C:\Users\musta\PycharmProjects\Labb3\tests\Infotiv.robot">
<test id="s1-s1-t1" name="User may create a user account">
<kw name="Open Browser" library="SeleniumLibrary">
<doc>Opens a new browser instance to the optional ``url``.</doc>
<arguments>
<arg>about:blank</arg>
<arg>${BROWSER}</arg>
</arguments>
<msg timestamp="20200325 09:34:26.148" level="INFO">Opening browser 'chrome' to base url 'about:blank'.</msg>
<status status="PASS" starttime="20200325 09:34:26.148" endtime="20200325 09:34:32.528"></status>
</kw>
<kw name="Go To" library="SeleniumLibrary">
<doc>Navigates the current browser window to the provided ``url``.</doc>
<arguments>
<arg>${URL}</arg>
</arguments>
<msg timestamp="20200325 09:34:32.529" level="INFO">Opening url 'http://rental5.infotiv.net'</msg>
<status status="PASS" starttime="20200325 09:34:32.529" endtime="20200325 09:34:33.284"></status>
</kw>
<kw name="Wait Until Page Contains" library="SeleniumLibrary">
<doc>Waits until ``text`` appears on the current page.</doc>
<arguments>
<arg>Infotiv Car Rental</arg>
</arguments>
<status status="PASS" starttime="20200325 09:34:33.285" endtime="20200325 09:34:33.374"></status>
</kw>
<kw name="create a user account" library="keywords">
<kw name="Click Element" library="SeleniumLibrary">
<doc>Click the element identified by ``locator``.</doc>
<arguments>
<arg>//*[@id="createUser"]</arg>
</arguments>
<msg timestamp="20200325 09:34:33.376" level="INFO">Clicking element '//*[@id="createUser"]'.</msg>
<status status="PASS" starttime="20200325 09:34:33.375" endtime="20200325 09:34:33.728"></status>
</kw>
<status status="PASS" starttime="20200325 09:34:33.374" endtime="20200325 09:34:33.729"></status>
</kw>
<doc>This is some basic info about the test</doc>
<tags>
<tag>Test 1</tag>
</tags>
<status status="PASS" starttime="20200325 09:34:26.146" endtime="20200325 09:34:33.729" critical="yes"></status>
</test>
<test id="s1-s1-t2" name="User is required to input start and end dates for the trip">
<kw name="Open Browser" library="SeleniumLibrary">
<doc>Opens a new browser instance to the optional ``url``.</doc>
<arguments>
<arg>about:blank</arg>
<arg>${BROWSER}</arg>
</arguments>
<msg timestamp="20200325 09:34:33.736" level="INFO">Opening browser 'chrome' to base url 'about:blank'.</msg>
<status status="PASS" starttime="20200325 09:34:33.735" endtime="20200325 09:34:39.236"></status>
</kw>
<kw name="Go To" library="SeleniumLibrary">
<doc>Navigates the current browser window to the provided ``url``.</doc>
<arguments>
<arg>${URL}</arg>
</arguments>
<msg timestamp="20200325 09:34:39.237" level="INFO">Opening url 'http://rental5.infotiv.net'</msg>
<status status="PASS" starttime="20200325 09:34:39.237" endtime="20200325 09:34:39.608"></status>
</kw>
<kw name="Wait Until Page Contains" library="SeleniumLibrary">
<doc>Waits until ``text`` appears on the current page.</doc>
<arguments>
<arg>Infotiv Car Rental</arg>
</arguments>
<status status="PASS" starttime="20200325 09:34:39.609" endtime="20200325 09:34:39.652"></status>
</kw>
<kw name="input dates for the trip" library="keywords">
<kw name="Input Text" library="SeleniumLibrary">
<doc>Types the given ``text`` into the text field identified by ``locator``.</doc>
<arguments>
<arg>//*[@id="start"]</arg>
<arg>When do you want to make your trip?</arg>
</arguments>
<msg timestamp="20200325 09:34:39.652" level="INFO">Typing text 'When do you want to make your trip?' into text field '//*[@id="start"]'.</msg>
<status status="PASS" starttime="20200325 09:34:39.652" endtime="20200325 09:34:39.990"></status>
</kw>
<kw name="Click Button" library="SeleniumLibrary">
<doc>Clicks the button identified by ``locator``.</doc>
<arguments>
<arg>//*[@id="start"]</arg>
</arguments>
<msg timestamp="20200325 09:34:39.990" level="INFO">Clicking button '//*[@id="start"]'.</msg>
<status status="PASS" starttime="20200325 09:34:39.990" endtime="20200325 09:34:40.108"></status>
</kw>
<kw name="Click Button" library="SeleniumLibrary">
<doc>Clicks the button identified by ``locator``.</doc>
<arguments>
<arg>//*[@id="end"]</arg>
</arguments>
<msg timestamp="20200325 09:34:40.109" level="INFO">Clicking button '//*[@id="end"]'.</msg>
<status status="PASS" starttime="20200325 09:34:40.109" endtime="20200325 09:34:40.238"></status>
</kw>
<status status="PASS" starttime="20200325 09:34:39.652" endtime="20200325 09:34:40.239"></status>
</kw>
<doc>This is some basic info about the test</doc>
<tags>
<tag>Test 2</tag>
</tags>
<status status="PASS" starttime="20200325 09:34:33.732" endtime="20200325 09:34:40.239" critical="yes"></status>
</test>
<test id="s1-s1-t3" name="User can access infotiv.net">
<kw name="Open Browser" library="SeleniumLibrary">
<doc>Opens a new browser instance to the optional ``url``.</doc>
<arguments>
<arg>about:blank</arg>
<arg>${BROWSER}</arg>
</arguments>
<msg timestamp="20200325 09:34:40.244" level="INFO">Opening browser 'chrome' to base url 'about:blank'.</msg>
<status status="PASS" starttime="20200325 09:34:40.243" endtime="20200325 09:34:46.074"></status>
</kw>
<kw name="Go To" library="SeleniumLibrary">
<doc>Navigates the current browser window to the provided ``url``.</doc>
<arguments>
<arg>${URL}</arg>
</arguments>
<msg timestamp="20200325 09:34:46.075" level="INFO">Opening url 'http://rental5.infotiv.net'</msg>
<status status="PASS" starttime="20200325 09:34:46.075" endtime="20200325 09:34:49.688"></status>
</kw>
<kw name="Wait Until Page Contains" library="SeleniumLibrary">
<doc>Waits until ``text`` appears on the current page.</doc>
<arguments>
<arg>Infotiv Car Rental</arg>
</arguments>
<status status="PASS" starttime="20200325 09:34:49.706" endtime="20200325 09:34:49.806"></status>
</kw>
<kw name="Enter Search Term" library="keywords">
<kw name="Click Button" library="SeleniumLibrary">
<doc>Clicks the button identified by ``locator``.</doc>
<arguments>
<arg>//*[@id="continue"]</arg>
</arguments>
<msg timestamp="20200325 09:34:49.810" level="INFO">Clicking button '//*[@id="continue"]'.</msg>
<status status="PASS" starttime="20200325 09:34:49.809" endtime="20200325 09:34:51.741"></status>
</kw>
<kw name="Click Button" library="SeleniumLibrary">
<doc>Clicks the button identified by ``locator``.</doc>
<arguments>
<arg>//*[@id="bookQ7pass5"]</arg>
</arguments>
<msg timestamp="20200325 09:34:51.742" level="INFO">Clicking button '//*[@id="bookQ7pass5"]'.</msg>
<status status="PASS" starttime="20200325 09:34:51.741" endtime="20200325 09:34:51.904"></status>
</kw>
<status status="PASS" starttime="20200325 09:34:49.809" endtime="20200325 09:34:51.904"></status>
</kw>
<doc>This is some basic information about the test</doc>
<tags>
<tag>Test 3</tag>
</tags>
<status status="PASS" starttime="20200325 09:34:40.241" endtime="20200325 09:34:51.945" critical="yes"></status>
</test>
<test id="s1-s1-t4" name="User is allow to use reset button">
<kw name="Open Browser" library="SeleniumLibrary">
<doc>Opens a new browser instance to the optional ``url``.</doc>
<arguments>
<arg>about:blank</arg>
<arg>${BROWSER}</arg>
</arguments>
<msg timestamp="20200325 09:34:51.961" level="INFO">Opening browser 'chrome' to base url 'about:blank'.</msg>
<status status="PASS" starttime="20200325 09:34:51.961" endtime="20200325 09:34:57.982"></status>
</kw>
<kw name="Go To" library="SeleniumLibrary">
<doc>Navigates the current browser window to the provided ``url``.</doc>
<arguments>
<arg>${URL}</arg>
</arguments>
<msg timestamp="20200325 09:34:57.984" level="INFO">Opening url 'http://rental5.infotiv.net'</msg>
<status status="PASS" starttime="20200325 09:34:57.984" endtime="20200325 09:34:59.208"></status>
</kw>
<kw name="Wait Until Page Contains" library="SeleniumLibrary">
<doc>Waits until ``text`` appears on the current page.</doc>
<arguments>
<arg>Infotiv Car Rental</arg>
</arguments>
<status status="PASS" starttime="20200325 09:34:59.209" endtime="20200325 09:34:59.260"></status>
</kw>
<kw name="reset button" library="keywords">
<kw name="Click Element" library="SeleniumLibrary">
<doc>Click the element identified by ``locator``.</doc>
<arguments>
<arg>//*[@id="continue"]</arg>
</arguments>
<msg timestamp="20200325 09:34:59.262" level="INFO">Clicking element '//*[@id="continue"]'.</msg>
<status status="PASS" starttime="20200325 09:34:59.261" endtime="20200325 09:35:01.146"></status>
</kw>
<status status="PASS" starttime="20200325 09:34:59.261" endtime="20200325 09:35:01.146"></status>
</kw>
<doc>This is some basic info about the test</doc>
<tags>
<tag>Test 4</tag>
</tags>
<status status="PASS" starttime="20200325 09:34:51.959" endtime="20200325 09:35:01.148" critical="yes"></status>
</test>
<test id="s1-s1-t5" name="User is allowed for Date Selection">
<kw name="Given browser is opend to select date" library="keywords">
<kw name="Go to Web Page" library="keywords">
<kw name="Load Page" library="keywords">
<kw name="Go To" library="SeleniumLibrary">
<doc>Navigates the current browser window to the provided ``url``.</doc>
<arguments>
<arg>http://rental5.infotiv.net</arg>
</arguments>
<msg timestamp="20200325 09:35:01.160" level="INFO">Opening url 'http://rental5.infotiv.net'</msg>
<status status="PASS" starttime="20200325 09:35:01.159" endtime="20200325 09:35:02.348"></status>
</kw>
<status status="PASS" starttime="20200325 09:35:01.159" endtime="20200325 09:35:02.349"></status>
</kw>
<kw name="Verify Page Loaded" library="keywords">
<kw name="Wait Until Page Contains" library="SeleniumLibrary">
<doc>Waits until ``text`` appears on the current page.</doc>
<arguments>
<arg>Infotiv Car Rental</arg>
</arguments>
<status status="PASS" starttime="20200325 09:35:02.350" endtime="20200325 09:35:02.363"></status>
</kw>
<status status="PASS" starttime="20200325 09:35:02.349" endtime="20200325 09:35:02.363"></status>
</kw>
<status status="PASS" starttime="20200325 09:35:01.158" endtime="20200325 09:35:02.363"></status>
</kw>
<kw name="Element Should Be Visible" library="SeleniumLibrary">
<doc>Verifies that the element identified by ``locator`` is visible.</doc>
<arguments>
<arg>//*[@id="questionText"]</arg>
</arguments>
<msg timestamp="20200325 09:35:02.404" level="INFO">Element '//*[@id="questionText"]' is displayed.</msg>
<status status="PASS" starttime="20200325 09:35:02.364" endtime="20200325 09:35:02.405"></status>
</kw>
<status status="PASS" starttime="20200325 09:35:01.157" endtime="20200325 09:35:02.405"></status>
</kw>
<kw name="When press the selected date" library="keywords">
<kw name="Click Element" library="SeleniumLibrary">
<doc>Click the element identified by ``locator``.</doc>
<arguments>
<arg>//*[@id="start"]</arg>
</arguments>
<msg timestamp="20200325 09:35:02.406" level="INFO">Clicking element '//*[@id="start"]'.</msg>
<status status="PASS" starttime="20200325 09:35:02.406" endtime="20200325 09:35:02.528"></status>
</kw>
<kw name="Click Element" library="SeleniumLibrary">
<doc>Click the element identified by ``locator``.</doc>
<arguments>
<arg>//*[@id="start"]</arg>
</arguments>
<msg timestamp="20200325 09:35:02.529" level="INFO">Clicking element '//*[@id="start"]'.</msg>
<status status="PASS" starttime="20200325 09:35:02.528" endtime="20200325 09:35:02.589"></status>
</kw>
<status status="PASS" starttime="20200325 09:35:02.405" endtime="20200325 09:35:02.589"></status>
</kw>
<kw name="Then press&quot;Continue&quot;to should reserve a car" library="keywords">
<kw name="Click Button" library="SeleniumLibrary">
<doc>Clicks the button identified by ``locator``.</doc>
<arguments>
<arg>//*[@id="continue"]</arg>
</arguments>
<msg timestamp="20200325 09:35:02.591" level="INFO">Clicking button '//*[@id="continue"]'.</msg>
<status status="PASS" starttime="20200325 09:35:02.591" endtime="20200325 09:35:06.023"></status>
</kw>
<status status="PASS" starttime="20200325 09:35:02.590" endtime="20200325 09:35:06.024"></status>
</kw>
<doc>This is some basic info about the test</doc>
<tags>
<tag>Test 5</tag>
</tags>
<status status="PASS" starttime="20200325 09:35:01.154" endtime="20200325 09:35:06.024" critical="yes"></status>
</test>
<doc>This is some basic info about the whole test suite</doc>
<status status="PASS" starttime="20200325 09:34:25.421" endtime="20200325 09:35:06.026"></status>
</suite>
<status status="PASS" starttime="20200325 09:34:25.350" endtime="20200325 09:35:06.039"></status>
</suite>
<statistics>
<total>
<stat pass="5" fail="0">Critical Tests</stat>
<stat pass="5" fail="0">All Tests</stat>
</total>
<tag>
<stat pass="1" fail="0">Test 1</stat>
<stat pass="1" fail="0">Test 2</stat>
<stat pass="1" fail="0">Test 3</stat>
<stat pass="1" fail="0">Test 4</stat>
<stat pass="1" fail="0">Test 5</stat>
</tag>
<suite>
<stat pass="5" fail="0" id="s1" name="Tests">Tests</stat>
<stat pass="5" fail="0" id="s1-s1" name="Infotiv">Tests.Infotiv</stat>
</suite>
</statistics>
<errors>
</errors>
</robot>
